<?xml version="1.0" encoding="UTF-8"?>
<testng-results ignored="0" total="1" passed="1" failed="0" skipped="0">
  <reporter-output>
    <line>
      <![CDATA[STEP1]]>
    </line>
  </reporter-output>
  <suite started-at="2022-09-14T00:07:12 IST" name="Suite" finished-at="2022-09-14T00:08:20 IST" duration-ms="68046">
    <groups>
    </groups>
    <test started-at="2022-09-14T00:07:12 IST" name="Test" finished-at="2022-09-14T00:08:20 IST" duration-ms="68046">
      <class name="arca.tests.BrowserHandlings">
        <test-method is-config="true" signature="beforetest(java.lang.String)[pri:0, instance:arca.tests.BrowserHandlings@5d8bafa9]" started-at="2022-09-14T00:07:12 IST" name="beforetest" finished-at="2022-09-14T00:07:18 IST" duration-ms="5731" status="PASS">
          <params>
            <param index="0">
              <value>
                <![CDATA[chrome]]>
              </value>
            </param>
          </params>
          <reporter-output>
          </reporter-output>
        </test-method> <!-- beforetest -->
        <test-method signature="MyFiles_File_Preview()[pri:102, instance:arca.tests.BrowserHandlings@5d8bafa9]" started-at="2022-09-14T00:07:18 IST" name="MyFiles_File_Preview" finished-at="2022-09-14T00:08:19 IST" duration-ms="61666" status="PASS">
          <reporter-output>
            <line>
              <![CDATA[STEP1]]>
            </line>
          </reporter-output>
        </test-method> <!-- MyFiles_File_Preview -->
        <test-method is-config="true" signature="after()[pri:0, instance:arca.tests.BrowserHandlings@5d8bafa9]" started-at="2022-09-14T00:08:19 IST" name="after" finished-at="2022-09-14T00:08:20 IST" duration-ms="603" status="PASS">
          <reporter-output>
          </reporter-output>
        </test-method> <!-- after -->
      </class> <!-- arca.tests.BrowserHandlings -->
    </test> <!-- Test -->
  </suite> <!-- Suite -->
</testng-results>
