<?xml version="1.0" encoding="UTF-8"?>
<!-- Generated by org.testng.reporters.JUnitXMLReporter -->
<testsuite ignored="0" hostname="suress" failures="1" tests="1" name="Test" time="99.316" errors="0" timestamp="2022-11-05T08:51:21 IST">
  <testcase classname="arca.tests.BrowserHandlings" name="Signup_Default_Storage_Monthly_billing_Credit_card_payment" time="81.609">
    <failure type="atu.testng.reports.exceptions.ATUReporterStepFailedException">
      <![CDATA[[ATU Custom Reporter Step Failed Exception]
at atu.testng.reports.ATUReports.stepFailureHandler(Unknown Source)
at atu.testng.reports.ATUReports.add(Unknown Source)
at arca.pages.Signup_Form.Signup_Default_Storage_Monthly_billing_Credit_card_payment(Signup_Form.java:430)
at arca.tests.BrowserHandlings.Signup_Default_Storage_Monthly_billing_Credit_card_payment(BrowserHandlings.java:2550)
at java.base/java.util.ArrayList.forEach(ArrayList.java:1511)
... Removed 27 stack frames]]>
    </failure>
  </testcase> <!-- Signup_Default_Storage_Monthly_billing_Credit_card_payment -->
</testsuite> <!-- Test -->
